<?xml version="1.0" encoding="UTF-8"?>
<!-- Generated by org.testng.reporters.JUnitXMLReporter -->
<testsuite ignored="0" hostname="DESKTOP-5B3SDIE" failures="0" tests="7" name="Surefire test" time="21.353" errors="0" timestamp="2025-09-29T14:03:50 EDT">
  <testcase classname="automationpractice.CuraHealthWeb.tests.BookAppointmentTest" name="bookAppointmentTest" time="1.903"/>
  <testcase classname="automationpractice.CuraHealthWeb.tests.BookAppointmentValidationTest" name="verifyAlertOnBookAppointment" time="1.858"/>
  <testcase classname="automationpractice.CuraHealthWeb.tests.LoginTest" name="InvalidUserLogInTest" time="1.055"/>
  <testcase classname="automationpractice.CuraHealthWeb.tests.LoginTest" name="InvalidUserLogInTest" time="0.996"/>
  <testcase classname="automationpractice.CuraHealthWeb.tests.LoginTest" name="InvalidUserLogInTest" time="1.009"/>
  <testcase classname="automationpractice.CuraHealthWeb.tests.LoginTest" name="InvalidUserLogInTest" time="0.892"/>
  <testcase classname="automationpractice.CuraHealthWeb.tests.LoginTest" name="ValidUserLogInTest" time="1.386"/>
</testsuite> <!-- Surefire test -->
