<?xml version="1.0" encoding="UTF-8"?>
<!-- Generated by org.testng.reporters.JUnitXMLReporter -->
<testsuite ignored="0" hostname="DESKTOP-5B3SDIE" failures="0" tests="7" name="Surefire test" time="33.005" errors="0" timestamp="2025-10-08T15:39:13 EDT">
  <testcase classname="automationpractice.CuraHealthWeb.tests.BookAppointmentTest" name="bookAppointmentTest" time="1.165"/>
  <testcase classname="automationpractice.CuraHealthWeb.tests.BookAppointmentValidationTest" name="verifyAlertOnBookAppointment" time="0.859"/>
  <testcase classname="automationpractice.CuraHealthWeb.tests.LoginTest" name="InvalidUserLogInTest" time="0.487"/>
  <testcase classname="automationpractice.CuraHealthWeb.tests.LoginTest" name="InvalidUserLogInTest" time="0.555"/>
  <testcase classname="automationpractice.CuraHealthWeb.tests.LoginTest" name="InvalidUserLogInTest" time="0.508"/>
  <testcase classname="automationpractice.CuraHealthWeb.tests.LoginTest" name="InvalidUserLogInTest" time="0.539"/>
  <testcase classname="automationpractice.CuraHealthWeb.tests.LoginTest" name="ValidUserLogInTest" time="0.517"/>
</testsuite> <!-- Surefire test -->
