<?xml version="1.0" encoding="UTF-8"?>
<!-- Generated by org.testng.reporters.JUnitXMLReporter -->
<testsuite ignored="0" hostname="DESKTOP-5B3SDIE" failures="0" tests="2" name="BookAppointmentTest" time="11.021" errors="0" timestamp="2025-09-19T23:50:41 EDT">
  <testcase classname="automationpractice.CuraHealthWeb.tests.BookAppointmentTest" name="bookAppointmentTest" time="1.317"/>
  <testcase classname="automationpractice.CuraHealthWeb.tests.BookAppointmentValidationTest" name="verifyAlertOnBookAppointment" time="0.915"/>
</testsuite> <!-- BookAppointmentTest -->
