<?xml version="1.0" encoding="UTF-8"?>
<!-- Generated by org.testng.reporters.JUnitXMLReporter -->
<testsuite ignored="0" hostname="DESKTOP-5B3SDIE" failures="0" tests="2" name="BookAppointmentTest" time="10.362" errors="0" timestamp="2025-10-08T12:33:20 EDT">
  <testcase classname="automationpractice.CuraHealthWeb.tests.BookAppointmentTest" name="bookAppointmentTest" time="2.755"/>
  <testcase classname="automationpractice.CuraHealthWeb.tests.BookAppointmentValidationTest" name="verifyAlertOnBookAppointment" time="1.698"/>
</testsuite> <!-- BookAppointmentTest -->
