<?xml version="1.0" encoding="UTF-8"?>
<testng-results ignored="0" total="2" passed="2" failed="0" skipped="0">
  <reporter-output>
  </reporter-output>
  <suite started-at="2025-09-11T22:58:28 EDT" name="Surefire suite" finished-at="2025-09-11T22:58:40 EDT" duration-ms="11358">
    <groups>
    </groups>
    <test started-at="2025-09-11T22:58:28 EDT" name="Surefire test" finished-at="2025-09-11T22:58:40 EDT" duration-ms="11358">
      <class name="automationpractice.CuraHealthWeb.tests.LoginTest">
        <test-method is-config="true" signature="launchApplication()[pri:0, instance:automationpractice.CuraHealthWeb.tests.LoginTest@10e41621]" started-at="2025-09-11T22:58:34 EDT" name="launchApplication" finished-at="2025-09-11T22:58:38 EDT" duration-ms="3901" status="PASS">
          <reporter-output>
          </reporter-output>
        </test-method> <!-- launchApplication -->
        <test-method signature="VerifyUserLogIn()[pri:0, instance:automationpractice.CuraHealthWeb.tests.LoginTest@10e41621]" started-at="2025-09-11T22:58:38 EDT" name="VerifyUserLogIn" finished-at="2025-09-11T22:58:40 EDT" duration-ms="1691" status="PASS">
          <reporter-output>
          </reporter-output>
        </test-method> <!-- VerifyUserLogIn -->
        <test-method is-config="true" signature="tearDown()[pri:0, instance:automationpractice.CuraHealthWeb.tests.LoginTest@10e41621]" started-at="2025-09-11T22:58:40 EDT" name="tearDown" finished-at="2025-09-11T22:58:40 EDT" duration-ms="138" status="PASS">
          <reporter-output>
          </reporter-output>
        </test-method> <!-- tearDown -->
      </class> <!-- automationpractice.CuraHealthWeb.tests.LoginTest -->
      <class name="automationpractice.CuraHealthWeb.tests.BookAppointmentTest">
        <test-method is-config="true" signature="launchApplication()[pri:0, instance:automationpractice.CuraHealthWeb.tests.BookAppointmentTest@19bb07ed]" started-at="2025-09-11T22:58:28 EDT" name="launchApplication" finished-at="2025-09-11T22:58:33 EDT" duration-ms="4380" status="PASS">
          <reporter-output>
          </reporter-output>
        </test-method> <!-- launchApplication -->
        <test-method signature="bookAppointment()[pri:0, instance:automationpractice.CuraHealthWeb.tests.BookAppointmentTest@19bb07ed]" started-at="2025-09-11T22:58:33 EDT" name="bookAppointment" finished-at="2025-09-11T22:58:34 EDT" duration-ms="1072" status="PASS">
          <reporter-output>
          </reporter-output>
        </test-method> <!-- bookAppointment -->
        <test-method is-config="true" signature="tearDown()[pri:0, instance:automationpractice.CuraHealthWeb.tests.BookAppointmentTest@19bb07ed]" started-at="2025-09-11T22:58:34 EDT" name="tearDown" finished-at="2025-09-11T22:58:34 EDT" duration-ms="143" status="PASS">
          <reporter-output>
          </reporter-output>
        </test-method> <!-- tearDown -->
      </class> <!-- automationpractice.CuraHealthWeb.tests.BookAppointmentTest -->
    </test> <!-- Surefire test -->
  </suite> <!-- Surefire suite -->
</testng-results>
