<?xml version="1.0" encoding="UTF-8"?>
<testng-results ignored="0" total="7" passed="7" failed="0" skipped="0">
  <reporter-output>
  </reporter-output>
  <suite started-at="2025-09-23T23:04:33 EDT" name="Surefire suite" finished-at="2025-09-23T23:05:12 EDT" duration-ms="39239">
    <groups>
    </groups>
    <test started-at="2025-09-23T23:04:33 EDT" name="Surefire test" finished-at="2025-09-23T23:05:12 EDT" duration-ms="39239">
      <class name="automationpractice.CuraHealthWeb.tests.LoginTest">
        <test-method is-config="true" signature="launchApplication()[pri:0, instance:automationpractice.CuraHealthWeb.tests.LoginTest@3f197a46]" started-at="2025-09-23T23:04:47 EDT" name="launchApplication" finished-at="2025-09-23T23:04:51 EDT" duration-ms="3969" status="PASS">
          <reporter-output>
          </reporter-output>
        </test-method> <!-- launchApplication -->
        <test-method signature="InvalidUserLogInTest(java.lang.String,java.lang.String)[pri:0, instance:automationpractice.CuraHealthWeb.tests.LoginTest@3f197a46]" started-at="2025-09-23T23:04:51 EDT" name="InvalidUserLogInTest" data-provider="invalidCredentials" finished-at="2025-09-23T23:04:52 EDT" duration-ms="1028" status="PASS">
          <params>
            <param index="0">
              <value>
                <![CDATA[Johnny Doe]]>
              </value>
            </param>
            <param index="1">
              <value>
                <![CDATA[ThisIsNotAPassword]]>
              </value>
            </param>
          </params>
          <reporter-output>
          </reporter-output>
        </test-method> <!-- InvalidUserLogInTest -->
        <test-method is-config="true" signature="tearDown()[pri:0, instance:automationpractice.CuraHealthWeb.tests.LoginTest@3f197a46]" started-at="2025-09-23T23:04:52 EDT" name="tearDown" finished-at="2025-09-23T23:04:52 EDT" duration-ms="154" status="PASS">
          <reporter-output>
          </reporter-output>
        </test-method> <!-- tearDown -->
        <test-method is-config="true" signature="launchApplication()[pri:0, instance:automationpractice.CuraHealthWeb.tests.LoginTest@3f197a46]" started-at="2025-09-23T23:04:52 EDT" name="launchApplication" finished-at="2025-09-23T23:04:56 EDT" duration-ms="3972" status="PASS">
          <reporter-output>
          </reporter-output>
        </test-method> <!-- launchApplication -->
        <test-method signature="InvalidUserLogInTest(java.lang.String,java.lang.String)[pri:0, instance:automationpractice.CuraHealthWeb.tests.LoginTest@3f197a46]" started-at="2025-09-23T23:04:56 EDT" name="InvalidUserLogInTest" data-provider="invalidCredentials" finished-at="2025-09-23T23:04:57 EDT" duration-ms="964" status="PASS">
          <params>
            <param index="0">
              <value>
                <![CDATA[John Doe]]>
              </value>
            </param>
            <param index="1">
              <value>
                <![CDATA[ThisIsWrongPassword]]>
              </value>
            </param>
          </params>
          <reporter-output>
          </reporter-output>
        </test-method> <!-- InvalidUserLogInTest -->
        <test-method is-config="true" signature="tearDown()[pri:0, instance:automationpractice.CuraHealthWeb.tests.LoginTest@3f197a46]" started-at="2025-09-23T23:04:57 EDT" name="tearDown" finished-at="2025-09-23T23:04:57 EDT" duration-ms="155" status="PASS">
          <reporter-output>
          </reporter-output>
        </test-method> <!-- tearDown -->
        <test-method is-config="true" signature="launchApplication()[pri:0, instance:automationpractice.CuraHealthWeb.tests.LoginTest@3f197a46]" started-at="2025-09-23T23:04:57 EDT" name="launchApplication" finished-at="2025-09-23T23:05:01 EDT" duration-ms="3973" status="PASS">
          <reporter-output>
          </reporter-output>
        </test-method> <!-- launchApplication -->
        <test-method signature="InvalidUserLogInTest(java.lang.String,java.lang.String)[pri:0, instance:automationpractice.CuraHealthWeb.tests.LoginTest@3f197a46]" started-at="2025-09-23T23:05:01 EDT" name="InvalidUserLogInTest" data-provider="invalidCredentials" finished-at="2025-09-23T23:05:02 EDT" duration-ms="1075" status="PASS">
          <params>
            <param index="0">
              <value>
                <![CDATA[ ]]>
              </value>
            </param>
            <param index="1">
              <value>
                <![CDATA[ThisIsNotAPassword]]>
              </value>
            </param>
          </params>
          <reporter-output>
          </reporter-output>
        </test-method> <!-- InvalidUserLogInTest -->
        <test-method is-config="true" signature="tearDown()[pri:0, instance:automationpractice.CuraHealthWeb.tests.LoginTest@3f197a46]" started-at="2025-09-23T23:05:02 EDT" name="tearDown" finished-at="2025-09-23T23:05:02 EDT" duration-ms="146" status="PASS">
          <reporter-output>
          </reporter-output>
        </test-method> <!-- tearDown -->
        <test-method is-config="true" signature="launchApplication()[pri:0, instance:automationpractice.CuraHealthWeb.tests.LoginTest@3f197a46]" started-at="2025-09-23T23:05:02 EDT" name="launchApplication" finished-at="2025-09-23T23:05:06 EDT" duration-ms="3904" status="PASS">
          <reporter-output>
          </reporter-output>
        </test-method> <!-- launchApplication -->
        <test-method signature="InvalidUserLogInTest(java.lang.String,java.lang.String)[pri:0, instance:automationpractice.CuraHealthWeb.tests.LoginTest@3f197a46]" started-at="2025-09-23T23:05:06 EDT" name="InvalidUserLogInTest" data-provider="invalidCredentials" finished-at="2025-09-23T23:05:07 EDT" duration-ms="869" status="PASS">
          <params>
            <param index="0">
              <value>
                <![CDATA[John Doe]]>
              </value>
            </param>
            <param index="1">
              <value>
                <![CDATA[ ]]>
              </value>
            </param>
          </params>
          <reporter-output>
          </reporter-output>
        </test-method> <!-- InvalidUserLogInTest -->
        <test-method is-config="true" signature="tearDown()[pri:0, instance:automationpractice.CuraHealthWeb.tests.LoginTest@3f197a46]" started-at="2025-09-23T23:05:07 EDT" name="tearDown" finished-at="2025-09-23T23:05:07 EDT" duration-ms="154" status="PASS">
          <reporter-output>
          </reporter-output>
        </test-method> <!-- tearDown -->
        <test-method is-config="true" signature="launchApplication()[pri:0, instance:automationpractice.CuraHealthWeb.tests.LoginTest@3f197a46]" started-at="2025-09-23T23:05:07 EDT" name="launchApplication" finished-at="2025-09-23T23:05:11 EDT" duration-ms="3933" status="PASS">
          <reporter-output>
          </reporter-output>
        </test-method> <!-- launchApplication -->
        <test-method signature="ValidUserLogInTest()[pri:0, instance:automationpractice.CuraHealthWeb.tests.LoginTest@3f197a46]" started-at="2025-09-23T23:05:11 EDT" name="ValidUserLogInTest" finished-at="2025-09-23T23:05:12 EDT" duration-ms="879" status="PASS">
          <reporter-output>
          </reporter-output>
        </test-method> <!-- ValidUserLogInTest -->
        <test-method is-config="true" signature="tearDown()[pri:0, instance:automationpractice.CuraHealthWeb.tests.LoginTest@3f197a46]" started-at="2025-09-23T23:05:12 EDT" name="tearDown" finished-at="2025-09-23T23:05:12 EDT" duration-ms="131" status="PASS">
          <reporter-output>
          </reporter-output>
        </test-method> <!-- tearDown -->
      </class> <!-- automationpractice.CuraHealthWeb.tests.LoginTest -->
      <class name="automationpractice.CuraHealthWeb.tests.BookAppointmentTest">
        <test-method is-config="true" signature="launchApplication()[pri:0, instance:automationpractice.CuraHealthWeb.tests.BookAppointmentTest@7a69b07]" started-at="2025-09-23T23:04:33 EDT" name="launchApplication" finished-at="2025-09-23T23:04:40 EDT" duration-ms="6634" status="PASS">
          <reporter-output>
          </reporter-output>
        </test-method> <!-- launchApplication -->
        <test-method signature="bookAppointmentTest()[pri:0, instance:automationpractice.CuraHealthWeb.tests.BookAppointmentTest@7a69b07]" started-at="2025-09-23T23:04:40 EDT" name="bookAppointmentTest" finished-at="2025-09-23T23:04:42 EDT" duration-ms="1750" status="PASS">
          <reporter-output>
          </reporter-output>
        </test-method> <!-- bookAppointmentTest -->
        <test-method is-config="true" signature="tearDown()[pri:0, instance:automationpractice.CuraHealthWeb.tests.BookAppointmentTest@7a69b07]" started-at="2025-09-23T23:04:42 EDT" name="tearDown" finished-at="2025-09-23T23:04:42 EDT" duration-ms="228" status="PASS">
          <reporter-output>
          </reporter-output>
        </test-method> <!-- tearDown -->
      </class> <!-- automationpractice.CuraHealthWeb.tests.BookAppointmentTest -->
      <class name="automationpractice.CuraHealthWeb.tests.BookAppointmentValidationTest">
        <test-method is-config="true" signature="launchApplication()[pri:0, instance:automationpractice.CuraHealthWeb.tests.BookAppointmentValidationTest@5e82df6a]" started-at="2025-09-23T23:04:42 EDT" name="launchApplication" finished-at="2025-09-23T23:04:46 EDT" duration-ms="3894" status="PASS">
          <reporter-output>
          </reporter-output>
        </test-method> <!-- launchApplication -->
        <test-method signature="verifyAlertOnBookAppointment()[pri:0, instance:automationpractice.CuraHealthWeb.tests.BookAppointmentValidationTest@5e82df6a]" started-at="2025-09-23T23:04:46 EDT" name="verifyAlertOnBookAppointment" finished-at="2025-09-23T23:04:47 EDT" duration-ms="1238" status="PASS">
          <reporter-output>
          </reporter-output>
        </test-method> <!-- verifyAlertOnBookAppointment -->
        <test-method is-config="true" signature="tearDown()[pri:0, instance:automationpractice.CuraHealthWeb.tests.BookAppointmentValidationTest@5e82df6a]" started-at="2025-09-23T23:04:47 EDT" name="tearDown" finished-at="2025-09-23T23:04:47 EDT" duration-ms="141" status="PASS">
          <reporter-output>
          </reporter-output>
        </test-method> <!-- tearDown -->
      </class> <!-- automationpractice.CuraHealthWeb.tests.BookAppointmentValidationTest -->
    </test> <!-- Surefire test -->
  </suite> <!-- Surefire suite -->
</testng-results>
