<?xml version="1.0" encoding="UTF-8"?>
<testsuite xmlns:xsi="http://www.w3.org/2001/XMLSchema-instance" xsi:noNamespaceSchemaLocation="https://maven.apache.org/surefire/maven-surefire-plugin/xsd/surefire-test-report.xsd" version="3.0.1" name="TestSuite" time="33.366" tests="7" errors="0" skipped="0" failures="0">
  <properties>
[...]
</properties>
  <testcase name="bookAppointmentTest" classname="automationpractice.CuraHealthWeb.tests.BookAppointmentTest" time="1.166">
    <system-out><![CDATA[Loading configuration from: automationpractice/CuraHealthWeb/resources/GlobalData-uat.properties
Element clicked successfully: [[FirefoxDriver: firefox on windows (9e7d4497-7833-4d12-8f17-0bc2a5273352)] -> id: btn-make-appointment]
Text entered successfully for : John Doe
Text entered successfully for : ThisIsNotAPassword
Element clicked successfully: By.xpath: //button[text()='Login']
Selected facility from drop down: Tokyo CURA Healthcare Center
Element clicked successfully: [[FirefoxDriver: firefox on windows (9e7d4497-7833-4d12-8f17-0bc2a5273352)] -> id: chk_hospotal_readmission]
Element clicked successfully: By.id: btn-book-appointment
{facility=Tokyo CURA Healthcare Center, readmission=Yes, date=08/10/2025}
]]></system-out>
    <system-err><![CDATA[SLF4J(W): No SLF4J providers were found.
SLF4J(W): Defaulting to no-operation (NOP) logger implementation
SLF4J(W): See https://www.slf4j.org/codes.html#noProviders for further details.
]]></system-err>
  </testcase>
  <testcase name="verifyAlertOnBookAppointment" classname="automationpractice.CuraHealthWeb.tests.BookAppointmentValidationTest" time="0.86">
    <system-out><![CDATA[Element clicked successfully: [[FirefoxDriver: firefox on windows (271a33a4-8e28-43e7-a313-40c0cdc67093)] -> id: btn-make-appointment]
Text entered successfully for : John Doe
Text entered successfully for : ThisIsNotAPassword
Element clicked successfully: By.xpath: //button[text()='Login']
Element clicked successfully: By.id: btn-book-appointment
Validation message: Please fill out this field.
]]></system-out>
  </testcase>
  <testcase name="InvalidUserLogInTest[Johnny Doe, ThisIsNotAPassword](1)" classname="automationpractice.CuraHealthWeb.tests.LoginTest" time="0.488">
    <system-out><![CDATA[2025-10-08T19:38:51.927854Z main ERROR Log4j API could not find a logging provider.
Element clicked successfully: [[FirefoxDriver: firefox on windows (53b348fa-ea5e-4e8c-8613-9a0d93cd9281)] -> id: btn-make-appointment]
Text entered successfully for : Johnny Doe
Text entered successfully for : ThisIsNotAPassword
Element clicked successfully: By.xpath: //button[text()='Login']
Checking invalid credentials - completed!
]]></system-out>
  </testcase>
  <testcase name="InvalidUserLogInTest[John Doe, ThisIsWrongPassword](2)" classname="automationpractice.CuraHealthWeb.tests.LoginTest" time="0.555">
    <system-out><![CDATA[Element clicked successfully: [[FirefoxDriver: firefox on windows (e98abcfb-50fb-4d95-93f4-5957c5e8b93f)] -> id: btn-make-appointment]
Text entered successfully for : John Doe
Text entered successfully for : ThisIsWrongPassword
Element clicked successfully: By.xpath: //button[text()='Login']
Checking invalid credentials - completed!
]]></system-out>
  </testcase>
  <testcase name="InvalidUserLogInTest[ , ThisIsNotAPassword](3)" classname="automationpractice.CuraHealthWeb.tests.LoginTest" time="0.508">
    <system-out><![CDATA[Element clicked successfully: [[FirefoxDriver: firefox on windows (7c86eb9a-1b7b-4024-b211-75b2db2e63fb)] -> id: btn-make-appointment]
Text entered successfully for :  
Text entered successfully for : ThisIsNotAPassword
Element clicked successfully: By.xpath: //button[text()='Login']
Checking invalid credentials - completed!
]]></system-out>
  </testcase>
  <testcase name="InvalidUserLogInTest[John Doe,  ](4)" classname="automationpractice.CuraHealthWeb.tests.LoginTest" time="0.539">
    <system-out><![CDATA[Element clicked successfully: [[FirefoxDriver: firefox on windows (f4b5d3de-3485-4768-b61c-59583479d66a)] -> id: btn-make-appointment]
Text entered successfully for : John Doe
Text entered successfully for :  
Element clicked successfully: By.xpath: //button[text()='Login']
Checking invalid credentials - completed!
]]></system-out>
  </testcase>
  <testcase name="ValidUserLogInTest[John Doe, ThisIsNotAPassword](1)" classname="automationpractice.CuraHealthWeb.tests.LoginTest" time="0.517">
    <system-out><![CDATA[Element clicked successfully: [[FirefoxDriver: firefox on windows (0d66fc35-3c0c-4d28-83ff-5e1e22dcadae)] -> id: btn-make-appointment]
Text entered successfully for : John Doe
Text entered successfully for : ThisIsNotAPassword
Element clicked successfully: By.xpath: //button[text()='Login']
appointmentPage.getUrl().endsWith(#appointment)true
]]></system-out>
  </testcase>
</testsuite>