<?xml version="1.0" encoding="UTF-8"?>
<testng-results ignored="0" total="1" passed="1" failed="0" skipped="0">
  <reporter-output>
  </reporter-output>
  <suite started-at="2025-09-24T14:35:25 EDT" name="Default suite" finished-at="2025-09-24T14:35:29 EDT" duration-ms="3488">
    <groups>
    </groups>
    <test started-at="2025-09-24T14:35:25 EDT" name="Default test" finished-at="2025-09-24T14:35:29 EDT" duration-ms="3488">
      <class name="automationpractice.CuraHealthWeb.tests.BookAppointmentValidationTest">
        <test-method is-config="true" signature="launchApplication()[pri:0, instance:automationpractice.CuraHealthWeb.tests.BookAppointmentValidationTest@795509d9]" started-at="2025-09-24T14:35:25 EDT" name="launchApplication" finished-at="2025-09-24T14:35:28 EDT" duration-ms="2370" status="PASS">
          <reporter-output>
          </reporter-output>
        </test-method> <!-- launchApplication -->
        <test-method signature="verifyAlertOnBookAppointment()[pri:0, instance:automationpractice.CuraHealthWeb.tests.BookAppointmentValidationTest@795509d9]" started-at="2025-09-24T14:35:28 EDT" name="verifyAlertOnBookAppointment" finished-at="2025-09-24T14:35:29 EDT" duration-ms="933" status="PASS">
          <reporter-output>
          </reporter-output>
        </test-method> <!-- verifyAlertOnBookAppointment -->
        <test-method is-config="true" signature="tearDown()[pri:0, instance:automationpractice.CuraHealthWeb.tests.BookAppointmentValidationTest@795509d9]" started-at="2025-09-24T14:35:29 EDT" name="tearDown" finished-at="2025-09-24T14:35:29 EDT" duration-ms="155" status="PASS">
          <reporter-output>
          </reporter-output>
        </test-method> <!-- tearDown -->
      </class> <!-- automationpractice.CuraHealthWeb.tests.BookAppointmentValidationTest -->
    </test> <!-- Default test -->
  </suite> <!-- Default suite -->
</testng-results>
