<?xml version="1.0" encoding="UTF-8"?>
<testng-results ignored="0" total="1" passed="1" failed="0" skipped="0">
  <reporter-output>
  </reporter-output>
  <suite started-at="2025-09-23T23:03:23 EDT" name="Default suite" finished-at="2025-09-23T23:03:29 EDT" duration-ms="6516">
    <groups>
    </groups>
    <test started-at="2025-09-23T23:03:23 EDT" name="Default test" finished-at="2025-09-23T23:03:29 EDT" duration-ms="6516">
      <class name="automationpractice.CuraHealthWeb.tests.BookAppointmentTest">
        <test-method is-config="true" signature="launchApplication()[pri:0, instance:automationpractice.CuraHealthWeb.tests.BookAppointmentTest@795509d9]" started-at="2025-09-23T23:03:23 EDT" name="launchApplication" finished-at="2025-09-23T23:03:27 EDT" duration-ms="4307" status="PASS">
          <reporter-output>
          </reporter-output>
        </test-method> <!-- launchApplication -->
        <test-method signature="bookAppointmentTest()[pri:0, instance:automationpractice.CuraHealthWeb.tests.BookAppointmentTest@795509d9]" started-at="2025-09-23T23:03:27 EDT" name="bookAppointmentTest" finished-at="2025-09-23T23:03:28 EDT" duration-ms="1465" status="PASS">
          <reporter-output>
          </reporter-output>
        </test-method> <!-- bookAppointmentTest -->
        <test-method is-config="true" signature="tearDown()[pri:0, instance:automationpractice.CuraHealthWeb.tests.BookAppointmentTest@795509d9]" started-at="2025-09-23T23:03:28 EDT" name="tearDown" finished-at="2025-09-23T23:03:29 EDT" duration-ms="700" status="PASS">
          <reporter-output>
          </reporter-output>
        </test-method> <!-- tearDown -->
      </class> <!-- automationpractice.CuraHealthWeb.tests.BookAppointmentTest -->
    </test> <!-- Default test -->
  </suite> <!-- Default suite -->
</testng-results>
